2022-03-30 10:20:32org.apache.ibatis.logging.LogFactory.setImplementation(LogFactory.java:105) LogFactory.java DEBUG [org.apache.ibatis.logging.LogFactory] Logging initialized using 'class org.apache.ibatis.logging.log4j.Log4jImpl' adapter.
2022-03-30 10:20:32org.apache.ibatis.logging.LogFactory.setImplementation(LogFactory.java:105) LogFactory.java DEBUG [org.apache.ibatis.logging.LogFactory] Logging initialized using 'class org.apache.ibatis.logging.log4j.Log4jImpl' adapter.
2022-03-30 10:20:32org.apache.ibatis.datasource.pooled.PooledDataSource.forceCloseAll(PooledDataSource.java:353) PooledDataSource.java DEBUG [org.apache.ibatis.datasource.pooled.PooledDataSource] PooledDataSource forcefully closed/removed all connections.
2022-03-30 10:20:32org.apache.ibatis.datasource.pooled.PooledDataSource.forceCloseAll(PooledDataSource.java:353) PooledDataSource.java DEBUG [org.apache.ibatis.datasource.pooled.PooledDataSource] PooledDataSource forcefully closed/removed all connections.
2022-03-30 10:20:32org.apache.ibatis.datasource.pooled.PooledDataSource.forceCloseAll(PooledDataSource.java:353) PooledDataSource.java DEBUG [org.apache.ibatis.datasource.pooled.PooledDataSource] PooledDataSource forcefully closed/removed all connections.
2022-03-30 10:20:32org.apache.ibatis.datasource.pooled.PooledDataSource.forceCloseAll(PooledDataSource.java:353) PooledDataSource.java DEBUG [org.apache.ibatis.datasource.pooled.PooledDataSource] PooledDataSource forcefully closed/removed all connections.
2022-03-30 10:21:15org.apache.ibatis.logging.LogFactory.setImplementation(LogFactory.java:105) LogFactory.java DEBUG [org.apache.ibatis.logging.LogFactory] Logging initialized using 'class org.apache.ibatis.logging.log4j.Log4jImpl' adapter.
2022-03-30 10:21:15org.apache.ibatis.logging.LogFactory.setImplementation(LogFactory.java:105) LogFactory.java DEBUG [org.apache.ibatis.logging.LogFactory] Logging initialized using 'class org.apache.ibatis.logging.log4j.Log4jImpl' adapter.
2022-03-30 10:21:15org.apache.ibatis.datasource.pooled.PooledDataSource.forceCloseAll(PooledDataSource.java:353) PooledDataSource.java DEBUG [org.apache.ibatis.datasource.pooled.PooledDataSource] PooledDataSource forcefully closed/removed all connections.
2022-03-30 10:21:15org.apache.ibatis.datasource.pooled.PooledDataSource.forceCloseAll(PooledDataSource.java:353) PooledDataSource.java DEBUG [org.apache.ibatis.datasource.pooled.PooledDataSource] PooledDataSource forcefully closed/removed all connections.
2022-03-30 10:21:15org.apache.ibatis.datasource.pooled.PooledDataSource.forceCloseAll(PooledDataSource.java:353) PooledDataSource.java DEBUG [org.apache.ibatis.datasource.pooled.PooledDataSource] PooledDataSource forcefully closed/removed all connections.
2022-03-30 10:21:15org.apache.ibatis.datasource.pooled.PooledDataSource.forceCloseAll(PooledDataSource.java:353) PooledDataSource.java DEBUG [org.apache.ibatis.datasource.pooled.PooledDataSource] PooledDataSource forcefully closed/removed all connections.
2022-03-30 10:23:08org.apache.ibatis.logging.LogFactory.setImplementation(LogFactory.java:105) LogFactory.java DEBUG [org.apache.ibatis.logging.LogFactory] Logging initialized using 'class org.apache.ibatis.logging.log4j.Log4jImpl' adapter.
2022-03-30 10:23:08org.apache.ibatis.logging.LogFactory.setImplementation(LogFactory.java:105) LogFactory.java DEBUG [org.apache.ibatis.logging.LogFactory] Logging initialized using 'class org.apache.ibatis.logging.log4j.Log4jImpl' adapter.
2022-03-30 10:23:08org.apache.ibatis.datasource.pooled.PooledDataSource.forceCloseAll(PooledDataSource.java:353) PooledDataSource.java DEBUG [org.apache.ibatis.datasource.pooled.PooledDataSource] PooledDataSource forcefully closed/removed all connections.
2022-03-30 10:23:08org.apache.ibatis.datasource.pooled.PooledDataSource.forceCloseAll(PooledDataSource.java:353) PooledDataSource.java DEBUG [org.apache.ibatis.datasource.pooled.PooledDataSource] PooledDataSource forcefully closed/removed all connections.
2022-03-30 10:23:08org.apache.ibatis.datasource.pooled.PooledDataSource.forceCloseAll(PooledDataSource.java:353) PooledDataSource.java DEBUG [org.apache.ibatis.datasource.pooled.PooledDataSource] PooledDataSource forcefully closed/removed all connections.
2022-03-30 10:23:08org.apache.ibatis.datasource.pooled.PooledDataSource.forceCloseAll(PooledDataSource.java:353) PooledDataSource.java DEBUG [org.apache.ibatis.datasource.pooled.PooledDataSource] PooledDataSource forcefully closed/removed all connections.
2022-03-30 10:25:36org.apache.ibatis.logging.LogFactory.setImplementation(LogFactory.java:105) LogFactory.java DEBUG [org.apache.ibatis.logging.LogFactory] Logging initialized using 'class org.apache.ibatis.logging.log4j.Log4jImpl' adapter.
2022-03-30 10:25:36org.apache.ibatis.logging.LogFactory.setImplementation(LogFactory.java:105) LogFactory.java DEBUG [org.apache.ibatis.logging.LogFactory] Logging initialized using 'class org.apache.ibatis.logging.log4j.Log4jImpl' adapter.
2022-03-30 10:25:36org.apache.ibatis.datasource.pooled.PooledDataSource.forceCloseAll(PooledDataSource.java:353) PooledDataSource.java DEBUG [org.apache.ibatis.datasource.pooled.PooledDataSource] PooledDataSource forcefully closed/removed all connections.
2022-03-30 10:25:36org.apache.ibatis.datasource.pooled.PooledDataSource.forceCloseAll(PooledDataSource.java:353) PooledDataSource.java DEBUG [org.apache.ibatis.datasource.pooled.PooledDataSource] PooledDataSource forcefully closed/removed all connections.
2022-03-30 10:25:36org.apache.ibatis.datasource.pooled.PooledDataSource.forceCloseAll(PooledDataSource.java:353) PooledDataSource.java DEBUG [org.apache.ibatis.datasource.pooled.PooledDataSource] PooledDataSource forcefully closed/removed all connections.
2022-03-30 10:25:36org.apache.ibatis.datasource.pooled.PooledDataSource.forceCloseAll(PooledDataSource.java:353) PooledDataSource.java DEBUG [org.apache.ibatis.datasource.pooled.PooledDataSource] PooledDataSource forcefully closed/removed all connections.
2022-03-30 10:31:59org.apache.ibatis.logging.LogFactory.setImplementation(LogFactory.java:105) LogFactory.java DEBUG [org.apache.ibatis.logging.LogFactory] Logging initialized using 'class org.apache.ibatis.logging.log4j.Log4jImpl' adapter.
2022-03-30 10:31:59org.apache.ibatis.logging.LogFactory.setImplementation(LogFactory.java:105) LogFactory.java DEBUG [org.apache.ibatis.logging.LogFactory] Logging initialized using 'class org.apache.ibatis.logging.log4j.Log4jImpl' adapter.
2022-03-30 10:31:59org.apache.ibatis.datasource.pooled.PooledDataSource.forceCloseAll(PooledDataSource.java:353) PooledDataSource.java DEBUG [org.apache.ibatis.datasource.pooled.PooledDataSource] PooledDataSource forcefully closed/removed all connections.
2022-03-30 10:31:59org.apache.ibatis.datasource.pooled.PooledDataSource.forceCloseAll(PooledDataSource.java:353) PooledDataSource.java DEBUG [org.apache.ibatis.datasource.pooled.PooledDataSource] PooledDataSource forcefully closed/removed all connections.
2022-03-30 10:31:59org.apache.ibatis.datasource.pooled.PooledDataSource.forceCloseAll(PooledDataSource.java:353) PooledDataSource.java DEBUG [org.apache.ibatis.datasource.pooled.PooledDataSource] PooledDataSource forcefully closed/removed all connections.
2022-03-30 10:31:59org.apache.ibatis.datasource.pooled.PooledDataSource.forceCloseAll(PooledDataSource.java:353) PooledDataSource.java DEBUG [org.apache.ibatis.datasource.pooled.PooledDataSource] PooledDataSource forcefully closed/removed all connections.
2022-03-30 10:32:14org.apache.ibatis.logging.LogFactory.setImplementation(LogFactory.java:105) LogFactory.java DEBUG [org.apache.ibatis.logging.LogFactory] Logging initialized using 'class org.apache.ibatis.logging.log4j.Log4jImpl' adapter.
2022-03-30 10:32:14org.apache.ibatis.logging.LogFactory.setImplementation(LogFactory.java:105) LogFactory.java DEBUG [org.apache.ibatis.logging.LogFactory] Logging initialized using 'class org.apache.ibatis.logging.log4j.Log4jImpl' adapter.
2022-03-30 10:32:14org.apache.ibatis.datasource.pooled.PooledDataSource.forceCloseAll(PooledDataSource.java:353) PooledDataSource.java DEBUG [org.apache.ibatis.datasource.pooled.PooledDataSource] PooledDataSource forcefully closed/removed all connections.
2022-03-30 10:32:14org.apache.ibatis.datasource.pooled.PooledDataSource.forceCloseAll(PooledDataSource.java:353) PooledDataSource.java DEBUG [org.apache.ibatis.datasource.pooled.PooledDataSource] PooledDataSource forcefully closed/removed all connections.
2022-03-30 10:32:14org.apache.ibatis.datasource.pooled.PooledDataSource.forceCloseAll(PooledDataSource.java:353) PooledDataSource.java DEBUG [org.apache.ibatis.datasource.pooled.PooledDataSource] PooledDataSource forcefully closed/removed all connections.
2022-03-30 10:32:14org.apache.ibatis.datasource.pooled.PooledDataSource.forceCloseAll(PooledDataSource.java:353) PooledDataSource.java DEBUG [org.apache.ibatis.datasource.pooled.PooledDataSource] PooledDataSource forcefully closed/removed all connections.
2022-03-30 10:32:14org.apache.ibatis.cache.decorators.LoggingCache.getObject(LoggingCache.java:60) LoggingCache.java DEBUG [com.mrli.dao.user.userMapper] Cache Hit Ratio [com.mrli.dao.user.userMapper]: 0.0
2022-03-30 10:32:14org.apache.ibatis.transaction.jdbc.JdbcTransaction.openConnection(JdbcTransaction.java:136) JdbcTransaction.java DEBUG [org.apache.ibatis.transaction.jdbc.JdbcTransaction] Opening JDBC Connection
2022-03-30 10:32:14org.apache.ibatis.datasource.pooled.PooledDataSource.popConnection(PooledDataSource.java:424) PooledDataSource.java DEBUG [org.apache.ibatis.datasource.pooled.PooledDataSource] Created connection 116734858.
2022-03-30 10:32:14org.apache.ibatis.transaction.jdbc.JdbcTransaction.setDesiredAutoCommit(JdbcTransaction.java:100) JdbcTransaction.java DEBUG [org.apache.ibatis.transaction.jdbc.JdbcTransaction] Setting autocommit to false on JDBC Connection [com.mysql.cj.jdbc.ConnectionImpl@6f53b8a]
2022-03-30 10:32:14org.apache.ibatis.logging.jdbc.BaseJdbcLogger.debug(BaseJdbcLogger.java:143) BaseJdbcLogger.java DEBUG [com.mrli.dao.user.userMapper.getUser] ==>  Preparing: select * from user where userName=? and userPassword=? 
2022-03-30 10:32:14org.apache.ibatis.logging.jdbc.BaseJdbcLogger.debug(BaseJdbcLogger.java:143) BaseJdbcLogger.java DEBUG [com.mrli.dao.user.userMapper.getUser] ==> Parameters: kevin(String), root123(String)
2022-03-30 10:32:14org.apache.ibatis.logging.jdbc.BaseJdbcLogger.debug(BaseJdbcLogger.java:143) BaseJdbcLogger.java DEBUG [com.mrli.dao.user.userMapper.getUser] <==      Total: 1
2022-03-30 10:32:14org.apache.ibatis.transaction.jdbc.JdbcTransaction.resetAutoCommit(JdbcTransaction.java:122) JdbcTransaction.java DEBUG [org.apache.ibatis.transaction.jdbc.JdbcTransaction] Resetting autocommit to true on JDBC Connection [com.mysql.cj.jdbc.ConnectionImpl@6f53b8a]
2022-03-30 10:32:14org.apache.ibatis.transaction.jdbc.JdbcTransaction.close(JdbcTransaction.java:90) JdbcTransaction.java DEBUG [org.apache.ibatis.transaction.jdbc.JdbcTransaction] Closing JDBC Connection [com.mysql.cj.jdbc.ConnectionImpl@6f53b8a]
2022-03-30 10:32:14org.apache.ibatis.datasource.pooled.PooledDataSource.pushConnection(PooledDataSource.java:381) PooledDataSource.java DEBUG [org.apache.ibatis.datasource.pooled.PooledDataSource] Returned connection 116734858 to pool.
2022-03-30 10:32:17org.apache.ibatis.logging.LogFactory.setImplementation(LogFactory.java:105) LogFactory.java DEBUG [org.apache.ibatis.logging.LogFactory] Logging initialized using 'class org.apache.ibatis.logging.log4j.Log4jImpl' adapter.
2022-03-30 10:32:17org.apache.ibatis.logging.LogFactory.setImplementation(LogFactory.java:105) LogFactory.java DEBUG [org.apache.ibatis.logging.LogFactory] Logging initialized using 'class org.apache.ibatis.logging.log4j.Log4jImpl' adapter.
2022-03-30 10:32:17org.apache.ibatis.datasource.pooled.PooledDataSource.forceCloseAll(PooledDataSource.java:353) PooledDataSource.java DEBUG [org.apache.ibatis.datasource.pooled.PooledDataSource] PooledDataSource forcefully closed/removed all connections.
2022-03-30 10:32:17org.apache.ibatis.datasource.pooled.PooledDataSource.forceCloseAll(PooledDataSource.java:353) PooledDataSource.java DEBUG [org.apache.ibatis.datasource.pooled.PooledDataSource] PooledDataSource forcefully closed/removed all connections.
2022-03-30 10:32:17org.apache.ibatis.datasource.pooled.PooledDataSource.forceCloseAll(PooledDataSource.java:353) PooledDataSource.java DEBUG [org.apache.ibatis.datasource.pooled.PooledDataSource] PooledDataSource forcefully closed/removed all connections.
2022-03-30 10:32:17org.apache.ibatis.datasource.pooled.PooledDataSource.forceCloseAll(PooledDataSource.java:353) PooledDataSource.java DEBUG [org.apache.ibatis.datasource.pooled.PooledDataSource] PooledDataSource forcefully closed/removed all connections.
2022-03-30 10:32:17org.apache.ibatis.cache.decorators.LoggingCache.getObject(LoggingCache.java:60) LoggingCache.java DEBUG [com.mrli.dao.user.userMapper] Cache Hit Ratio [com.mrli.dao.user.userMapper]: 0.0
2022-03-30 10:32:17org.apache.ibatis.transaction.jdbc.JdbcTransaction.openConnection(JdbcTransaction.java:136) JdbcTransaction.java DEBUG [org.apache.ibatis.transaction.jdbc.JdbcTransaction] Opening JDBC Connection
2022-03-30 10:32:17org.apache.ibatis.datasource.pooled.PooledDataSource.popConnection(PooledDataSource.java:424) PooledDataSource.java DEBUG [org.apache.ibatis.datasource.pooled.PooledDataSource] Created connection 116734858.
2022-03-30 10:32:17org.apache.ibatis.transaction.jdbc.JdbcTransaction.setDesiredAutoCommit(JdbcTransaction.java:100) JdbcTransaction.java DEBUG [org.apache.ibatis.transaction.jdbc.JdbcTransaction] Setting autocommit to false on JDBC Connection [com.mysql.cj.jdbc.ConnectionImpl@6f53b8a]
2022-03-30 10:32:17org.apache.ibatis.logging.jdbc.BaseJdbcLogger.debug(BaseJdbcLogger.java:143) BaseJdbcLogger.java DEBUG [com.mrli.dao.user.userMapper.getUser] ==>  Preparing: select * from user where userName=? and userPassword=? 
2022-03-30 10:32:17org.apache.ibatis.logging.jdbc.BaseJdbcLogger.debug(BaseJdbcLogger.java:143) BaseJdbcLogger.java DEBUG [com.mrli.dao.user.userMapper.getUser] ==> Parameters: kevin(String), root123(String)
2022-03-30 10:32:17org.apache.ibatis.logging.jdbc.BaseJdbcLogger.debug(BaseJdbcLogger.java:143) BaseJdbcLogger.java DEBUG [com.mrli.dao.user.userMapper.getUser] <==      Total: 1
2022-03-30 10:32:17org.apache.ibatis.transaction.jdbc.JdbcTransaction.resetAutoCommit(JdbcTransaction.java:122) JdbcTransaction.java DEBUG [org.apache.ibatis.transaction.jdbc.JdbcTransaction] Resetting autocommit to true on JDBC Connection [com.mysql.cj.jdbc.ConnectionImpl@6f53b8a]
2022-03-30 10:32:17org.apache.ibatis.transaction.jdbc.JdbcTransaction.close(JdbcTransaction.java:90) JdbcTransaction.java DEBUG [org.apache.ibatis.transaction.jdbc.JdbcTransaction] Closing JDBC Connection [com.mysql.cj.jdbc.ConnectionImpl@6f53b8a]
2022-03-30 10:32:17org.apache.ibatis.datasource.pooled.PooledDataSource.pushConnection(PooledDataSource.java:381) PooledDataSource.java DEBUG [org.apache.ibatis.datasource.pooled.PooledDataSource] Returned connection 116734858 to pool.
2022-03-30 10:32:39org.apache.ibatis.logging.LogFactory.setImplementation(LogFactory.java:105) LogFactory.java DEBUG [org.apache.ibatis.logging.LogFactory] Logging initialized using 'class org.apache.ibatis.logging.log4j.Log4jImpl' adapter.
2022-03-30 10:32:39org.apache.ibatis.logging.LogFactory.setImplementation(LogFactory.java:105) LogFactory.java DEBUG [org.apache.ibatis.logging.LogFactory] Logging initialized using 'class org.apache.ibatis.logging.log4j.Log4jImpl' adapter.
2022-03-30 10:32:39org.apache.ibatis.datasource.pooled.PooledDataSource.forceCloseAll(PooledDataSource.java:353) PooledDataSource.java DEBUG [org.apache.ibatis.datasource.pooled.PooledDataSource] PooledDataSource forcefully closed/removed all connections.
2022-03-30 10:32:39org.apache.ibatis.datasource.pooled.PooledDataSource.forceCloseAll(PooledDataSource.java:353) PooledDataSource.java DEBUG [org.apache.ibatis.datasource.pooled.PooledDataSource] PooledDataSource forcefully closed/removed all connections.
2022-03-30 10:32:39org.apache.ibatis.datasource.pooled.PooledDataSource.forceCloseAll(PooledDataSource.java:353) PooledDataSource.java DEBUG [org.apache.ibatis.datasource.pooled.PooledDataSource] PooledDataSource forcefully closed/removed all connections.
2022-03-30 10:32:39org.apache.ibatis.datasource.pooled.PooledDataSource.forceCloseAll(PooledDataSource.java:353) PooledDataSource.java DEBUG [org.apache.ibatis.datasource.pooled.PooledDataSource] PooledDataSource forcefully closed/removed all connections.
2022-03-30 10:32:39org.apache.ibatis.cache.decorators.LoggingCache.getObject(LoggingCache.java:60) LoggingCache.java DEBUG [com.mrli.dao.user.userMapper] Cache Hit Ratio [com.mrli.dao.user.userMapper]: 0.0
2022-03-30 10:32:39org.apache.ibatis.transaction.jdbc.JdbcTransaction.openConnection(JdbcTransaction.java:136) JdbcTransaction.java DEBUG [org.apache.ibatis.transaction.jdbc.JdbcTransaction] Opening JDBC Connection
2022-03-30 10:32:39org.apache.ibatis.datasource.pooled.PooledDataSource.popConnection(PooledDataSource.java:424) PooledDataSource.java DEBUG [org.apache.ibatis.datasource.pooled.PooledDataSource] Created connection 116734858.
2022-03-30 10:32:39org.apache.ibatis.transaction.jdbc.JdbcTransaction.setDesiredAutoCommit(JdbcTransaction.java:100) JdbcTransaction.java DEBUG [org.apache.ibatis.transaction.jdbc.JdbcTransaction] Setting autocommit to false on JDBC Connection [com.mysql.cj.jdbc.ConnectionImpl@6f53b8a]
2022-03-30 10:32:39org.apache.ibatis.logging.jdbc.BaseJdbcLogger.debug(BaseJdbcLogger.java:143) BaseJdbcLogger.java DEBUG [com.mrli.dao.user.userMapper.getUser] ==>  Preparing: select * from user where userName=? and userPassword=? 
2022-03-30 10:32:39org.apache.ibatis.logging.jdbc.BaseJdbcLogger.debug(BaseJdbcLogger.java:143) BaseJdbcLogger.java DEBUG [com.mrli.dao.user.userMapper.getUser] ==> Parameters: kvin(String), root123(String)
2022-03-30 10:32:39org.apache.ibatis.logging.jdbc.BaseJdbcLogger.debug(BaseJdbcLogger.java:143) BaseJdbcLogger.java DEBUG [com.mrli.dao.user.userMapper.getUser] <==      Total: 0
2022-03-30 10:32:39org.apache.ibatis.transaction.jdbc.JdbcTransaction.resetAutoCommit(JdbcTransaction.java:122) JdbcTransaction.java DEBUG [org.apache.ibatis.transaction.jdbc.JdbcTransaction] Resetting autocommit to true on JDBC Connection [com.mysql.cj.jdbc.ConnectionImpl@6f53b8a]
2022-03-30 10:32:39org.apache.ibatis.transaction.jdbc.JdbcTransaction.close(JdbcTransaction.java:90) JdbcTransaction.java DEBUG [org.apache.ibatis.transaction.jdbc.JdbcTransaction] Closing JDBC Connection [com.mysql.cj.jdbc.ConnectionImpl@6f53b8a]
2022-03-30 10:32:39org.apache.ibatis.datasource.pooled.PooledDataSource.pushConnection(PooledDataSource.java:381) PooledDataSource.java DEBUG [org.apache.ibatis.datasource.pooled.PooledDataSource] Returned connection 116734858 to pool.
2022-03-30 10:32:54org.apache.ibatis.logging.LogFactory.setImplementation(LogFactory.java:105) LogFactory.java DEBUG [org.apache.ibatis.logging.LogFactory] Logging initialized using 'class org.apache.ibatis.logging.log4j.Log4jImpl' adapter.
2022-03-30 10:32:54org.apache.ibatis.logging.LogFactory.setImplementation(LogFactory.java:105) LogFactory.java DEBUG [org.apache.ibatis.logging.LogFactory] Logging initialized using 'class org.apache.ibatis.logging.log4j.Log4jImpl' adapter.
2022-03-30 10:32:54org.apache.ibatis.datasource.pooled.PooledDataSource.forceCloseAll(PooledDataSource.java:353) PooledDataSource.java DEBUG [org.apache.ibatis.datasource.pooled.PooledDataSource] PooledDataSource forcefully closed/removed all connections.
2022-03-30 10:32:54org.apache.ibatis.datasource.pooled.PooledDataSource.forceCloseAll(PooledDataSource.java:353) PooledDataSource.java DEBUG [org.apache.ibatis.datasource.pooled.PooledDataSource] PooledDataSource forcefully closed/removed all connections.
2022-03-30 10:32:54org.apache.ibatis.datasource.pooled.PooledDataSource.forceCloseAll(PooledDataSource.java:353) PooledDataSource.java DEBUG [org.apache.ibatis.datasource.pooled.PooledDataSource] PooledDataSource forcefully closed/removed all connections.
2022-03-30 10:32:54org.apache.ibatis.datasource.pooled.PooledDataSource.forceCloseAll(PooledDataSource.java:353) PooledDataSource.java DEBUG [org.apache.ibatis.datasource.pooled.PooledDataSource] PooledDataSource forcefully closed/removed all connections.
2022-03-30 10:32:54org.apache.ibatis.cache.decorators.LoggingCache.getObject(LoggingCache.java:60) LoggingCache.java DEBUG [com.mrli.dao.user.userMapper] Cache Hit Ratio [com.mrli.dao.user.userMapper]: 0.0
2022-03-30 10:32:54org.apache.ibatis.transaction.jdbc.JdbcTransaction.openConnection(JdbcTransaction.java:136) JdbcTransaction.java DEBUG [org.apache.ibatis.transaction.jdbc.JdbcTransaction] Opening JDBC Connection
2022-03-30 10:32:54org.apache.ibatis.datasource.pooled.PooledDataSource.popConnection(PooledDataSource.java:424) PooledDataSource.java DEBUG [org.apache.ibatis.datasource.pooled.PooledDataSource] Created connection 116734858.
2022-03-30 10:32:54org.apache.ibatis.transaction.jdbc.JdbcTransaction.setDesiredAutoCommit(JdbcTransaction.java:100) JdbcTransaction.java DEBUG [org.apache.ibatis.transaction.jdbc.JdbcTransaction] Setting autocommit to false on JDBC Connection [com.mysql.cj.jdbc.ConnectionImpl@6f53b8a]
2022-03-30 10:32:54org.apache.ibatis.logging.jdbc.BaseJdbcLogger.debug(BaseJdbcLogger.java:143) BaseJdbcLogger.java DEBUG [com.mrli.dao.user.userMapper.getUser] ==>  Preparing: select * from user where userName=? and userPassword=? 
2022-03-30 10:32:54org.apache.ibatis.logging.jdbc.BaseJdbcLogger.debug(BaseJdbcLogger.java:143) BaseJdbcLogger.java DEBUG [com.mrli.dao.user.userMapper.getUser] ==> Parameters: kevin(String), root123(String)
2022-03-30 10:32:54org.apache.ibatis.logging.jdbc.BaseJdbcLogger.debug(BaseJdbcLogger.java:143) BaseJdbcLogger.java DEBUG [com.mrli.dao.user.userMapper.getUser] <==      Total: 1
2022-03-30 10:32:54org.apache.ibatis.transaction.jdbc.JdbcTransaction.resetAutoCommit(JdbcTransaction.java:122) JdbcTransaction.java DEBUG [org.apache.ibatis.transaction.jdbc.JdbcTransaction] Resetting autocommit to true on JDBC Connection [com.mysql.cj.jdbc.ConnectionImpl@6f53b8a]
2022-03-30 10:32:54org.apache.ibatis.transaction.jdbc.JdbcTransaction.close(JdbcTransaction.java:90) JdbcTransaction.java DEBUG [org.apache.ibatis.transaction.jdbc.JdbcTransaction] Closing JDBC Connection [com.mysql.cj.jdbc.ConnectionImpl@6f53b8a]
2022-03-30 10:32:54org.apache.ibatis.datasource.pooled.PooledDataSource.pushConnection(PooledDataSource.java:381) PooledDataSource.java DEBUG [org.apache.ibatis.datasource.pooled.PooledDataSource] Returned connection 116734858 to pool.
2022-03-30 10:33:26org.apache.ibatis.logging.LogFactory.setImplementation(LogFactory.java:105) LogFactory.java DEBUG [org.apache.ibatis.logging.LogFactory] Logging initialized using 'class org.apache.ibatis.logging.log4j.Log4jImpl' adapter.
2022-03-30 10:33:26org.apache.ibatis.logging.LogFactory.setImplementation(LogFactory.java:105) LogFactory.java DEBUG [org.apache.ibatis.logging.LogFactory] Logging initialized using 'class org.apache.ibatis.logging.log4j.Log4jImpl' adapter.
2022-03-30 10:33:26org.apache.ibatis.datasource.pooled.PooledDataSource.forceCloseAll(PooledDataSource.java:353) PooledDataSource.java DEBUG [org.apache.ibatis.datasource.pooled.PooledDataSource] PooledDataSource forcefully closed/removed all connections.
2022-03-30 10:33:26org.apache.ibatis.datasource.pooled.PooledDataSource.forceCloseAll(PooledDataSource.java:353) PooledDataSource.java DEBUG [org.apache.ibatis.datasource.pooled.PooledDataSource] PooledDataSource forcefully closed/removed all connections.
2022-03-30 10:33:26org.apache.ibatis.datasource.pooled.PooledDataSource.forceCloseAll(PooledDataSource.java:353) PooledDataSource.java DEBUG [org.apache.ibatis.datasource.pooled.PooledDataSource] PooledDataSource forcefully closed/removed all connections.
2022-03-30 10:33:26org.apache.ibatis.datasource.pooled.PooledDataSource.forceCloseAll(PooledDataSource.java:353) PooledDataSource.java DEBUG [org.apache.ibatis.datasource.pooled.PooledDataSource] PooledDataSource forcefully closed/removed all connections.
2022-03-30 10:33:26org.apache.ibatis.cache.decorators.LoggingCache.getObject(LoggingCache.java:60) LoggingCache.java DEBUG [com.mrli.dao.user.userMapper] Cache Hit Ratio [com.mrli.dao.user.userMapper]: 0.0
2022-03-30 10:33:26org.apache.ibatis.transaction.jdbc.JdbcTransaction.openConnection(JdbcTransaction.java:136) JdbcTransaction.java DEBUG [org.apache.ibatis.transaction.jdbc.JdbcTransaction] Opening JDBC Connection
2022-03-30 10:33:26org.apache.ibatis.datasource.pooled.PooledDataSource.popConnection(PooledDataSource.java:424) PooledDataSource.java DEBUG [org.apache.ibatis.datasource.pooled.PooledDataSource] Created connection 116734858.
2022-03-30 10:33:26org.apache.ibatis.transaction.jdbc.JdbcTransaction.setDesiredAutoCommit(JdbcTransaction.java:100) JdbcTransaction.java DEBUG [org.apache.ibatis.transaction.jdbc.JdbcTransaction] Setting autocommit to false on JDBC Connection [com.mysql.cj.jdbc.ConnectionImpl@6f53b8a]
2022-03-30 10:33:26org.apache.ibatis.logging.jdbc.BaseJdbcLogger.debug(BaseJdbcLogger.java:143) BaseJdbcLogger.java DEBUG [com.mrli.dao.user.userMapper.getUser] ==>  Preparing: select * from user where userName=? and userPassword=? 
2022-03-30 10:33:26org.apache.ibatis.logging.jdbc.BaseJdbcLogger.debug(BaseJdbcLogger.java:143) BaseJdbcLogger.java DEBUG [com.mrli.dao.user.userMapper.getUser] ==> Parameters: kevin(String), oot123(String)
2022-03-30 10:33:26org.apache.ibatis.logging.jdbc.BaseJdbcLogger.debug(BaseJdbcLogger.java:143) BaseJdbcLogger.java DEBUG [com.mrli.dao.user.userMapper.getUser] <==      Total: 0
2022-03-30 10:33:26org.apache.ibatis.transaction.jdbc.JdbcTransaction.resetAutoCommit(JdbcTransaction.java:122) JdbcTransaction.java DEBUG [org.apache.ibatis.transaction.jdbc.JdbcTransaction] Resetting autocommit to true on JDBC Connection [com.mysql.cj.jdbc.ConnectionImpl@6f53b8a]
2022-03-30 10:33:26org.apache.ibatis.transaction.jdbc.JdbcTransaction.close(JdbcTransaction.java:90) JdbcTransaction.java DEBUG [org.apache.ibatis.transaction.jdbc.JdbcTransaction] Closing JDBC Connection [com.mysql.cj.jdbc.ConnectionImpl@6f53b8a]
2022-03-30 10:33:26org.apache.ibatis.datasource.pooled.PooledDataSource.pushConnection(PooledDataSource.java:381) PooledDataSource.java DEBUG [org.apache.ibatis.datasource.pooled.PooledDataSource] Returned connection 116734858 to pool.
2022-03-30 10:34:00org.apache.ibatis.logging.LogFactory.setImplementation(LogFactory.java:105) LogFactory.java DEBUG [org.apache.ibatis.logging.LogFactory] Logging initialized using 'class org.apache.ibatis.logging.log4j.Log4jImpl' adapter.
2022-03-30 10:34:00org.apache.ibatis.logging.LogFactory.setImplementation(LogFactory.java:105) LogFactory.java DEBUG [org.apache.ibatis.logging.LogFactory] Logging initialized using 'class org.apache.ibatis.logging.log4j.Log4jImpl' adapter.
2022-03-30 10:34:00org.apache.ibatis.datasource.pooled.PooledDataSource.forceCloseAll(PooledDataSource.java:353) PooledDataSource.java DEBUG [org.apache.ibatis.datasource.pooled.PooledDataSource] PooledDataSource forcefully closed/removed all connections.
2022-03-30 10:34:00org.apache.ibatis.datasource.pooled.PooledDataSource.forceCloseAll(PooledDataSource.java:353) PooledDataSource.java DEBUG [org.apache.ibatis.datasource.pooled.PooledDataSource] PooledDataSource forcefully closed/removed all connections.
2022-03-30 10:34:00org.apache.ibatis.datasource.pooled.PooledDataSource.forceCloseAll(PooledDataSource.java:353) PooledDataSource.java DEBUG [org.apache.ibatis.datasource.pooled.PooledDataSource] PooledDataSource forcefully closed/removed all connections.
2022-03-30 10:34:00org.apache.ibatis.datasource.pooled.PooledDataSource.forceCloseAll(PooledDataSource.java:353) PooledDataSource.java DEBUG [org.apache.ibatis.datasource.pooled.PooledDataSource] PooledDataSource forcefully closed/removed all connections.
2022-03-30 10:34:00org.apache.ibatis.cache.decorators.LoggingCache.getObject(LoggingCache.java:60) LoggingCache.java DEBUG [com.mrli.dao.user.userMapper] Cache Hit Ratio [com.mrli.dao.user.userMapper]: 0.0
2022-03-30 10:34:00org.apache.ibatis.transaction.jdbc.JdbcTransaction.openConnection(JdbcTransaction.java:136) JdbcTransaction.java DEBUG [org.apache.ibatis.transaction.jdbc.JdbcTransaction] Opening JDBC Connection
2022-03-30 10:34:01org.apache.ibatis.datasource.pooled.PooledDataSource.popConnection(PooledDataSource.java:424) PooledDataSource.java DEBUG [org.apache.ibatis.datasource.pooled.PooledDataSource] Created connection 116734858.
2022-03-30 10:34:01org.apache.ibatis.transaction.jdbc.JdbcTransaction.setDesiredAutoCommit(JdbcTransaction.java:100) JdbcTransaction.java DEBUG [org.apache.ibatis.transaction.jdbc.JdbcTransaction] Setting autocommit to false on JDBC Connection [com.mysql.cj.jdbc.ConnectionImpl@6f53b8a]
2022-03-30 10:34:01org.apache.ibatis.logging.jdbc.BaseJdbcLogger.debug(BaseJdbcLogger.java:143) BaseJdbcLogger.java DEBUG [com.mrli.dao.user.userMapper.getUser] ==>  Preparing: select * from user where userName=? and userPassword=? 
2022-03-30 10:34:01org.apache.ibatis.logging.jdbc.BaseJdbcLogger.debug(BaseJdbcLogger.java:143) BaseJdbcLogger.java DEBUG [com.mrli.dao.user.userMapper.getUser] ==> Parameters: kevin(String), root123(String)
2022-03-30 10:34:01org.apache.ibatis.logging.jdbc.BaseJdbcLogger.debug(BaseJdbcLogger.java:143) BaseJdbcLogger.java DEBUG [com.mrli.dao.user.userMapper.getUser] <==      Total: 1
2022-03-30 10:34:01org.apache.ibatis.transaction.jdbc.JdbcTransaction.resetAutoCommit(JdbcTransaction.java:122) JdbcTransaction.java DEBUG [org.apache.ibatis.transaction.jdbc.JdbcTransaction] Resetting autocommit to true on JDBC Connection [com.mysql.cj.jdbc.ConnectionImpl@6f53b8a]
2022-03-30 10:34:01org.apache.ibatis.transaction.jdbc.JdbcTransaction.close(JdbcTransaction.java:90) JdbcTransaction.java DEBUG [org.apache.ibatis.transaction.jdbc.JdbcTransaction] Closing JDBC Connection [com.mysql.cj.jdbc.ConnectionImpl@6f53b8a]
2022-03-30 10:34:01org.apache.ibatis.datasource.pooled.PooledDataSource.pushConnection(PooledDataSource.java:381) PooledDataSource.java DEBUG [org.apache.ibatis.datasource.pooled.PooledDataSource] Returned connection 116734858 to pool.
2022-03-30 10:52:28org.apache.ibatis.logging.LogFactory.setImplementation(LogFactory.java:105) LogFactory.java DEBUG [org.apache.ibatis.logging.LogFactory] Logging initialized using 'class org.apache.ibatis.logging.log4j.Log4jImpl' adapter.
2022-03-30 10:52:28org.apache.ibatis.logging.LogFactory.setImplementation(LogFactory.java:105) LogFactory.java DEBUG [org.apache.ibatis.logging.LogFactory] Logging initialized using 'class org.apache.ibatis.logging.log4j.Log4jImpl' adapter.
2022-03-30 10:52:28org.apache.ibatis.datasource.pooled.PooledDataSource.forceCloseAll(PooledDataSource.java:353) PooledDataSource.java DEBUG [org.apache.ibatis.datasource.pooled.PooledDataSource] PooledDataSource forcefully closed/removed all connections.
2022-03-30 10:52:28org.apache.ibatis.datasource.pooled.PooledDataSource.forceCloseAll(PooledDataSource.java:353) PooledDataSource.java DEBUG [org.apache.ibatis.datasource.pooled.PooledDataSource] PooledDataSource forcefully closed/removed all connections.
2022-03-30 10:52:28org.apache.ibatis.datasource.pooled.PooledDataSource.forceCloseAll(PooledDataSource.java:353) PooledDataSource.java DEBUG [org.apache.ibatis.datasource.pooled.PooledDataSource] PooledDataSource forcefully closed/removed all connections.
2022-03-30 10:52:28org.apache.ibatis.datasource.pooled.PooledDataSource.forceCloseAll(PooledDataSource.java:353) PooledDataSource.java DEBUG [org.apache.ibatis.datasource.pooled.PooledDataSource] PooledDataSource forcefully closed/removed all connections.
2022-03-30 10:52:28org.apache.ibatis.cache.decorators.LoggingCache.getObject(LoggingCache.java:60) LoggingCache.java DEBUG [com.mrli.dao.user.userMapper] Cache Hit Ratio [com.mrli.dao.user.userMapper]: 0.0
2022-03-30 10:52:28org.apache.ibatis.transaction.jdbc.JdbcTransaction.openConnection(JdbcTransaction.java:136) JdbcTransaction.java DEBUG [org.apache.ibatis.transaction.jdbc.JdbcTransaction] Opening JDBC Connection
2022-03-30 10:52:28org.apache.ibatis.datasource.pooled.PooledDataSource.popConnection(PooledDataSource.java:424) PooledDataSource.java DEBUG [org.apache.ibatis.datasource.pooled.PooledDataSource] Created connection 116734858.
2022-03-30 10:52:28org.apache.ibatis.transaction.jdbc.JdbcTransaction.setDesiredAutoCommit(JdbcTransaction.java:100) JdbcTransaction.java DEBUG [org.apache.ibatis.transaction.jdbc.JdbcTransaction] Setting autocommit to false on JDBC Connection [com.mysql.cj.jdbc.ConnectionImpl@6f53b8a]
2022-03-30 10:52:28org.apache.ibatis.logging.jdbc.BaseJdbcLogger.debug(BaseJdbcLogger.java:143) BaseJdbcLogger.java DEBUG [com.mrli.dao.user.userMapper.getUser] ==>  Preparing: select * from user where userName=? and userPassword=? 
2022-03-30 10:52:28org.apache.ibatis.logging.jdbc.BaseJdbcLogger.debug(BaseJdbcLogger.java:143) BaseJdbcLogger.java DEBUG [com.mrli.dao.user.userMapper.getUser] ==> Parameters: kevin(String), root123(String)
2022-03-30 10:52:28org.apache.ibatis.logging.jdbc.BaseJdbcLogger.debug(BaseJdbcLogger.java:143) BaseJdbcLogger.java DEBUG [com.mrli.dao.user.userMapper.getUser] <==      Total: 1
2022-03-30 10:52:28org.apache.ibatis.transaction.jdbc.JdbcTransaction.resetAutoCommit(JdbcTransaction.java:122) JdbcTransaction.java DEBUG [org.apache.ibatis.transaction.jdbc.JdbcTransaction] Resetting autocommit to true on JDBC Connection [com.mysql.cj.jdbc.ConnectionImpl@6f53b8a]
2022-03-30 10:52:28org.apache.ibatis.transaction.jdbc.JdbcTransaction.close(JdbcTransaction.java:90) JdbcTransaction.java DEBUG [org.apache.ibatis.transaction.jdbc.JdbcTransaction] Closing JDBC Connection [com.mysql.cj.jdbc.ConnectionImpl@6f53b8a]
2022-03-30 10:52:28org.apache.ibatis.datasource.pooled.PooledDataSource.pushConnection(PooledDataSource.java:381) PooledDataSource.java DEBUG [org.apache.ibatis.datasource.pooled.PooledDataSource] Returned connection 116734858 to pool.
2022-03-30 14:26:53org.apache.ibatis.logging.LogFactory.setImplementation(LogFactory.java:105) LogFactory.java DEBUG [org.apache.ibatis.logging.LogFactory] Logging initialized using 'class org.apache.ibatis.logging.log4j.Log4jImpl' adapter.
2022-03-30 14:26:53org.apache.ibatis.logging.LogFactory.setImplementation(LogFactory.java:105) LogFactory.java DEBUG [org.apache.ibatis.logging.LogFactory] Logging initialized using 'class org.apache.ibatis.logging.log4j.Log4jImpl' adapter.
2022-03-30 14:26:53org.apache.ibatis.datasource.pooled.PooledDataSource.forceCloseAll(PooledDataSource.java:353) PooledDataSource.java DEBUG [org.apache.ibatis.datasource.pooled.PooledDataSource] PooledDataSource forcefully closed/removed all connections.
2022-03-30 14:26:53org.apache.ibatis.datasource.pooled.PooledDataSource.forceCloseAll(PooledDataSource.java:353) PooledDataSource.java DEBUG [org.apache.ibatis.datasource.pooled.PooledDataSource] PooledDataSource forcefully closed/removed all connections.
2022-03-30 14:26:53org.apache.ibatis.datasource.pooled.PooledDataSource.forceCloseAll(PooledDataSource.java:353) PooledDataSource.java DEBUG [org.apache.ibatis.datasource.pooled.PooledDataSource] PooledDataSource forcefully closed/removed all connections.
2022-03-30 14:26:53org.apache.ibatis.datasource.pooled.PooledDataSource.forceCloseAll(PooledDataSource.java:353) PooledDataSource.java DEBUG [org.apache.ibatis.datasource.pooled.PooledDataSource] PooledDataSource forcefully closed/removed all connections.
2022-03-30 14:26:53org.apache.ibatis.cache.decorators.LoggingCache.getObject(LoggingCache.java:60) LoggingCache.java DEBUG [com.mrli.dao.user.userMapper] Cache Hit Ratio [com.mrli.dao.user.userMapper]: 0.0
2022-03-30 14:26:53org.apache.ibatis.transaction.jdbc.JdbcTransaction.openConnection(JdbcTransaction.java:136) JdbcTransaction.java DEBUG [org.apache.ibatis.transaction.jdbc.JdbcTransaction] Opening JDBC Connection
2022-03-30 14:26:53org.apache.ibatis.datasource.pooled.PooledDataSource.popConnection(PooledDataSource.java:424) PooledDataSource.java DEBUG [org.apache.ibatis.datasource.pooled.PooledDataSource] Created connection 1261764601.
2022-03-30 14:26:53org.apache.ibatis.transaction.jdbc.JdbcTransaction.setDesiredAutoCommit(JdbcTransaction.java:100) JdbcTransaction.java DEBUG [org.apache.ibatis.transaction.jdbc.JdbcTransaction] Setting autocommit to false on JDBC Connection [com.mysql.cj.jdbc.ConnectionImpl@4b34fff9]
2022-03-30 14:26:53org.apache.ibatis.logging.jdbc.BaseJdbcLogger.debug(BaseJdbcLogger.java:143) BaseJdbcLogger.java DEBUG [com.mrli.dao.user.userMapper.getUser] ==>  Preparing: select * from user where userName=? and userPassword=? 
2022-03-30 14:26:53org.apache.ibatis.logging.jdbc.BaseJdbcLogger.debug(BaseJdbcLogger.java:143) BaseJdbcLogger.java DEBUG [com.mrli.dao.user.userMapper.getUser] ==> Parameters: kevin(String), root123(String)
2022-03-30 14:26:53org.apache.ibatis.logging.jdbc.BaseJdbcLogger.debug(BaseJdbcLogger.java:143) BaseJdbcLogger.java DEBUG [com.mrli.dao.user.userMapper.getUser] <==      Total: 1
2022-03-30 14:26:53org.apache.ibatis.transaction.jdbc.JdbcTransaction.resetAutoCommit(JdbcTransaction.java:122) JdbcTransaction.java DEBUG [org.apache.ibatis.transaction.jdbc.JdbcTransaction] Resetting autocommit to true on JDBC Connection [com.mysql.cj.jdbc.ConnectionImpl@4b34fff9]
2022-03-30 14:26:53org.apache.ibatis.transaction.jdbc.JdbcTransaction.close(JdbcTransaction.java:90) JdbcTransaction.java DEBUG [org.apache.ibatis.transaction.jdbc.JdbcTransaction] Closing JDBC Connection [com.mysql.cj.jdbc.ConnectionImpl@4b34fff9]
2022-03-30 14:26:53org.apache.ibatis.datasource.pooled.PooledDataSource.pushConnection(PooledDataSource.java:381) PooledDataSource.java DEBUG [org.apache.ibatis.datasource.pooled.PooledDataSource] Returned connection 1261764601 to pool.
2022-03-30 14:35:53org.apache.ibatis.logging.LogFactory.setImplementation(LogFactory.java:105) LogFactory.java DEBUG [org.apache.ibatis.logging.LogFactory] Logging initialized using 'class org.apache.ibatis.logging.log4j.Log4jImpl' adapter.
2022-03-30 14:35:53org.apache.ibatis.logging.LogFactory.setImplementation(LogFactory.java:105) LogFactory.java DEBUG [org.apache.ibatis.logging.LogFactory] Logging initialized using 'class org.apache.ibatis.logging.log4j.Log4jImpl' adapter.
2022-03-30 14:35:53org.apache.ibatis.datasource.pooled.PooledDataSource.forceCloseAll(PooledDataSource.java:353) PooledDataSource.java DEBUG [org.apache.ibatis.datasource.pooled.PooledDataSource] PooledDataSource forcefully closed/removed all connections.
2022-03-30 14:35:53org.apache.ibatis.datasource.pooled.PooledDataSource.forceCloseAll(PooledDataSource.java:353) PooledDataSource.java DEBUG [org.apache.ibatis.datasource.pooled.PooledDataSource] PooledDataSource forcefully closed/removed all connections.
2022-03-30 14:35:53org.apache.ibatis.datasource.pooled.PooledDataSource.forceCloseAll(PooledDataSource.java:353) PooledDataSource.java DEBUG [org.apache.ibatis.datasource.pooled.PooledDataSource] PooledDataSource forcefully closed/removed all connections.
2022-03-30 14:35:53org.apache.ibatis.datasource.pooled.PooledDataSource.forceCloseAll(PooledDataSource.java:353) PooledDataSource.java DEBUG [org.apache.ibatis.datasource.pooled.PooledDataSource] PooledDataSource forcefully closed/removed all connections.
2022-03-30 14:35:53org.apache.ibatis.cache.decorators.LoggingCache.getObject(LoggingCache.java:60) LoggingCache.java DEBUG [com.mrli.dao.user.userMapper] Cache Hit Ratio [com.mrli.dao.user.userMapper]: 0.0
2022-03-30 14:35:53org.apache.ibatis.transaction.jdbc.JdbcTransaction.openConnection(JdbcTransaction.java:136) JdbcTransaction.java DEBUG [org.apache.ibatis.transaction.jdbc.JdbcTransaction] Opening JDBC Connection
2022-03-30 14:35:53org.apache.ibatis.datasource.pooled.PooledDataSource.popConnection(PooledDataSource.java:424) PooledDataSource.java DEBUG [org.apache.ibatis.datasource.pooled.PooledDataSource] Created connection 235237152.
2022-03-30 14:35:53org.apache.ibatis.transaction.jdbc.JdbcTransaction.setDesiredAutoCommit(JdbcTransaction.java:100) JdbcTransaction.java DEBUG [org.apache.ibatis.transaction.jdbc.JdbcTransaction] Setting autocommit to false on JDBC Connection [com.mysql.cj.jdbc.ConnectionImpl@e056f20]
2022-03-30 14:35:53org.apache.ibatis.logging.jdbc.BaseJdbcLogger.debug(BaseJdbcLogger.java:143) BaseJdbcLogger.java DEBUG [com.mrli.dao.user.userMapper.getUser] ==>  Preparing: select * from user where userName=? and userPassword=? 
2022-03-30 14:35:53org.apache.ibatis.logging.jdbc.BaseJdbcLogger.debug(BaseJdbcLogger.java:143) BaseJdbcLogger.java DEBUG [com.mrli.dao.user.userMapper.getUser] ==> Parameters: kevin(String), root123(String)
2022-03-30 14:35:53org.apache.ibatis.logging.jdbc.BaseJdbcLogger.debug(BaseJdbcLogger.java:143) BaseJdbcLogger.java DEBUG [com.mrli.dao.user.userMapper.getUser] <==      Total: 1
2022-03-30 14:35:53org.apache.ibatis.transaction.jdbc.JdbcTransaction.resetAutoCommit(JdbcTransaction.java:122) JdbcTransaction.java DEBUG [org.apache.ibatis.transaction.jdbc.JdbcTransaction] Resetting autocommit to true on JDBC Connection [com.mysql.cj.jdbc.ConnectionImpl@e056f20]
2022-03-30 14:35:53org.apache.ibatis.transaction.jdbc.JdbcTransaction.close(JdbcTransaction.java:90) JdbcTransaction.java DEBUG [org.apache.ibatis.transaction.jdbc.JdbcTransaction] Closing JDBC Connection [com.mysql.cj.jdbc.ConnectionImpl@e056f20]
2022-03-30 14:35:53org.apache.ibatis.datasource.pooled.PooledDataSource.pushConnection(PooledDataSource.java:381) PooledDataSource.java DEBUG [org.apache.ibatis.datasource.pooled.PooledDataSource] Returned connection 235237152 to pool.
2022-03-30 14:49:25org.apache.ibatis.logging.LogFactory.setImplementation(LogFactory.java:105) LogFactory.java DEBUG [org.apache.ibatis.logging.LogFactory] Logging initialized using 'class org.apache.ibatis.logging.log4j.Log4jImpl' adapter.
2022-03-30 14:49:25org.apache.ibatis.logging.LogFactory.setImplementation(LogFactory.java:105) LogFactory.java DEBUG [org.apache.ibatis.logging.LogFactory] Logging initialized using 'class org.apache.ibatis.logging.log4j.Log4jImpl' adapter.
2022-03-30 14:49:25org.apache.ibatis.datasource.pooled.PooledDataSource.forceCloseAll(PooledDataSource.java:353) PooledDataSource.java DEBUG [org.apache.ibatis.datasource.pooled.PooledDataSource] PooledDataSource forcefully closed/removed all connections.
2022-03-30 14:49:25org.apache.ibatis.datasource.pooled.PooledDataSource.forceCloseAll(PooledDataSource.java:353) PooledDataSource.java DEBUG [org.apache.ibatis.datasource.pooled.PooledDataSource] PooledDataSource forcefully closed/removed all connections.
2022-03-30 14:49:25org.apache.ibatis.datasource.pooled.PooledDataSource.forceCloseAll(PooledDataSource.java:353) PooledDataSource.java DEBUG [org.apache.ibatis.datasource.pooled.PooledDataSource] PooledDataSource forcefully closed/removed all connections.
2022-03-30 14:49:25org.apache.ibatis.datasource.pooled.PooledDataSource.forceCloseAll(PooledDataSource.java:353) PooledDataSource.java DEBUG [org.apache.ibatis.datasource.pooled.PooledDataSource] PooledDataSource forcefully closed/removed all connections.
2022-03-30 14:49:25org.apache.ibatis.cache.decorators.LoggingCache.getObject(LoggingCache.java:60) LoggingCache.java DEBUG [com.mrli.dao.user.userMapper] Cache Hit Ratio [com.mrli.dao.user.userMapper]: 0.0
2022-03-30 14:49:25org.apache.ibatis.transaction.jdbc.JdbcTransaction.openConnection(JdbcTransaction.java:136) JdbcTransaction.java DEBUG [org.apache.ibatis.transaction.jdbc.JdbcTransaction] Opening JDBC Connection
2022-03-30 14:49:25org.apache.ibatis.datasource.pooled.PooledDataSource.popConnection(PooledDataSource.java:424) PooledDataSource.java DEBUG [org.apache.ibatis.datasource.pooled.PooledDataSource] Created connection 1738674023.
2022-03-30 14:49:25org.apache.ibatis.transaction.jdbc.JdbcTransaction.setDesiredAutoCommit(JdbcTransaction.java:100) JdbcTransaction.java DEBUG [org.apache.ibatis.transaction.jdbc.JdbcTransaction] Setting autocommit to false on JDBC Connection [com.mysql.cj.jdbc.ConnectionImpl@67a20f67]
2022-03-30 14:49:25org.apache.ibatis.logging.jdbc.BaseJdbcLogger.debug(BaseJdbcLogger.java:143) BaseJdbcLogger.java DEBUG [com.mrli.dao.user.userMapper.getUserList] ==>  Preparing: select * from user where id=? 
2022-03-30 14:49:25org.apache.ibatis.logging.jdbc.BaseJdbcLogger.debug(BaseJdbcLogger.java:143) BaseJdbcLogger.java DEBUG [com.mrli.dao.user.userMapper.getUserList] ==> Parameters: 1(Integer)
2022-03-30 14:49:25org.apache.ibatis.logging.jdbc.BaseJdbcLogger.debug(BaseJdbcLogger.java:143) BaseJdbcLogger.java DEBUG [com.mrli.dao.user.userMapper.getUserList] <==      Total: 1
2022-03-30 14:49:25org.apache.ibatis.transaction.jdbc.JdbcTransaction.resetAutoCommit(JdbcTransaction.java:122) JdbcTransaction.java DEBUG [org.apache.ibatis.transaction.jdbc.JdbcTransaction] Resetting autocommit to true on JDBC Connection [com.mysql.cj.jdbc.ConnectionImpl@67a20f67]
2022-03-30 14:49:25org.apache.ibatis.transaction.jdbc.JdbcTransaction.close(JdbcTransaction.java:90) JdbcTransaction.java DEBUG [org.apache.ibatis.transaction.jdbc.JdbcTransaction] Closing JDBC Connection [com.mysql.cj.jdbc.ConnectionImpl@67a20f67]
2022-03-30 14:49:25org.apache.ibatis.datasource.pooled.PooledDataSource.pushConnection(PooledDataSource.java:381) PooledDataSource.java DEBUG [org.apache.ibatis.datasource.pooled.PooledDataSource] Returned connection 1738674023 to pool.
2022-03-30 14:50:49org.apache.ibatis.logging.LogFactory.setImplementation(LogFactory.java:105) LogFactory.java DEBUG [org.apache.ibatis.logging.LogFactory] Logging initialized using 'class org.apache.ibatis.logging.log4j.Log4jImpl' adapter.
2022-03-30 14:50:49org.apache.ibatis.logging.LogFactory.setImplementation(LogFactory.java:105) LogFactory.java DEBUG [org.apache.ibatis.logging.LogFactory] Logging initialized using 'class org.apache.ibatis.logging.log4j.Log4jImpl' adapter.
2022-03-30 14:50:49org.apache.ibatis.datasource.pooled.PooledDataSource.forceCloseAll(PooledDataSource.java:353) PooledDataSource.java DEBUG [org.apache.ibatis.datasource.pooled.PooledDataSource] PooledDataSource forcefully closed/removed all connections.
2022-03-30 14:50:49org.apache.ibatis.datasource.pooled.PooledDataSource.forceCloseAll(PooledDataSource.java:353) PooledDataSource.java DEBUG [org.apache.ibatis.datasource.pooled.PooledDataSource] PooledDataSource forcefully closed/removed all connections.
2022-03-30 14:50:49org.apache.ibatis.datasource.pooled.PooledDataSource.forceCloseAll(PooledDataSource.java:353) PooledDataSource.java DEBUG [org.apache.ibatis.datasource.pooled.PooledDataSource] PooledDataSource forcefully closed/removed all connections.
2022-03-30 14:50:49org.apache.ibatis.datasource.pooled.PooledDataSource.forceCloseAll(PooledDataSource.java:353) PooledDataSource.java DEBUG [org.apache.ibatis.datasource.pooled.PooledDataSource] PooledDataSource forcefully closed/removed all connections.
2022-03-30 14:50:49org.apache.ibatis.cache.decorators.LoggingCache.getObject(LoggingCache.java:60) LoggingCache.java DEBUG [com.mrli.dao.user.userMapper] Cache Hit Ratio [com.mrli.dao.user.userMapper]: 0.0
2022-03-30 14:50:49org.apache.ibatis.transaction.jdbc.JdbcTransaction.openConnection(JdbcTransaction.java:136) JdbcTransaction.java DEBUG [org.apache.ibatis.transaction.jdbc.JdbcTransaction] Opening JDBC Connection
2022-03-30 14:50:49org.apache.ibatis.datasource.pooled.PooledDataSource.popConnection(PooledDataSource.java:424) PooledDataSource.java DEBUG [org.apache.ibatis.datasource.pooled.PooledDataSource] Created connection 1738674023.
2022-03-30 14:50:49org.apache.ibatis.transaction.jdbc.JdbcTransaction.setDesiredAutoCommit(JdbcTransaction.java:100) JdbcTransaction.java DEBUG [org.apache.ibatis.transaction.jdbc.JdbcTransaction] Setting autocommit to false on JDBC Connection [com.mysql.cj.jdbc.ConnectionImpl@67a20f67]
2022-03-30 14:50:49org.apache.ibatis.logging.jdbc.BaseJdbcLogger.debug(BaseJdbcLogger.java:143) BaseJdbcLogger.java DEBUG [com.mrli.dao.user.userMapper.getUserList] ==>  Preparing: select * from user where id=? 
2022-03-30 14:50:49org.apache.ibatis.logging.jdbc.BaseJdbcLogger.debug(BaseJdbcLogger.java:143) BaseJdbcLogger.java DEBUG [com.mrli.dao.user.userMapper.getUserList] ==> Parameters: 1(Integer)
2022-03-30 14:50:49org.apache.ibatis.logging.jdbc.BaseJdbcLogger.debug(BaseJdbcLogger.java:143) BaseJdbcLogger.java DEBUG [com.mrli.dao.user.userMapper.getUserList] <==      Total: 1
2022-03-30 14:50:49org.apache.ibatis.transaction.jdbc.JdbcTransaction.resetAutoCommit(JdbcTransaction.java:122) JdbcTransaction.java DEBUG [org.apache.ibatis.transaction.jdbc.JdbcTransaction] Resetting autocommit to true on JDBC Connection [com.mysql.cj.jdbc.ConnectionImpl@67a20f67]
2022-03-30 14:50:49org.apache.ibatis.transaction.jdbc.JdbcTransaction.close(JdbcTransaction.java:90) JdbcTransaction.java DEBUG [org.apache.ibatis.transaction.jdbc.JdbcTransaction] Closing JDBC Connection [com.mysql.cj.jdbc.ConnectionImpl@67a20f67]
2022-03-30 14:50:49org.apache.ibatis.datasource.pooled.PooledDataSource.pushConnection(PooledDataSource.java:381) PooledDataSource.java DEBUG [org.apache.ibatis.datasource.pooled.PooledDataSource] Returned connection 1738674023 to pool.
2022-03-30 14:58:22org.apache.ibatis.logging.LogFactory.setImplementation(LogFactory.java:105) LogFactory.java DEBUG [org.apache.ibatis.logging.LogFactory] Logging initialized using 'class org.apache.ibatis.logging.log4j.Log4jImpl' adapter.
2022-03-30 14:58:22org.apache.ibatis.logging.LogFactory.setImplementation(LogFactory.java:105) LogFactory.java DEBUG [org.apache.ibatis.logging.LogFactory] Logging initialized using 'class org.apache.ibatis.logging.log4j.Log4jImpl' adapter.
2022-03-30 14:58:22org.apache.ibatis.datasource.pooled.PooledDataSource.forceCloseAll(PooledDataSource.java:353) PooledDataSource.java DEBUG [org.apache.ibatis.datasource.pooled.PooledDataSource] PooledDataSource forcefully closed/removed all connections.
2022-03-30 14:58:22org.apache.ibatis.datasource.pooled.PooledDataSource.forceCloseAll(PooledDataSource.java:353) PooledDataSource.java DEBUG [org.apache.ibatis.datasource.pooled.PooledDataSource] PooledDataSource forcefully closed/removed all connections.
2022-03-30 14:58:22org.apache.ibatis.datasource.pooled.PooledDataSource.forceCloseAll(PooledDataSource.java:353) PooledDataSource.java DEBUG [org.apache.ibatis.datasource.pooled.PooledDataSource] PooledDataSource forcefully closed/removed all connections.
2022-03-30 14:58:22org.apache.ibatis.datasource.pooled.PooledDataSource.forceCloseAll(PooledDataSource.java:353) PooledDataSource.java DEBUG [org.apache.ibatis.datasource.pooled.PooledDataSource] PooledDataSource forcefully closed/removed all connections.
2022-03-30 14:58:22org.apache.ibatis.cache.decorators.LoggingCache.getObject(LoggingCache.java:60) LoggingCache.java DEBUG [com.mrli.dao.user.userMapper] Cache Hit Ratio [com.mrli.dao.user.userMapper]: 0.0
2022-03-30 14:58:22org.apache.ibatis.transaction.jdbc.JdbcTransaction.openConnection(JdbcTransaction.java:136) JdbcTransaction.java DEBUG [org.apache.ibatis.transaction.jdbc.JdbcTransaction] Opening JDBC Connection
2022-03-30 14:58:22org.apache.ibatis.datasource.pooled.PooledDataSource.popConnection(PooledDataSource.java:424) PooledDataSource.java DEBUG [org.apache.ibatis.datasource.pooled.PooledDataSource] Created connection 1738674023.
2022-03-30 14:58:22org.apache.ibatis.transaction.jdbc.JdbcTransaction.setDesiredAutoCommit(JdbcTransaction.java:100) JdbcTransaction.java DEBUG [org.apache.ibatis.transaction.jdbc.JdbcTransaction] Setting autocommit to false on JDBC Connection [com.mysql.cj.jdbc.ConnectionImpl@67a20f67]
2022-03-30 14:58:22org.apache.ibatis.logging.jdbc.BaseJdbcLogger.debug(BaseJdbcLogger.java:143) BaseJdbcLogger.java DEBUG [com.mrli.dao.user.userMapper.getUser] ==>  Preparing: select * from user where userName=? and userPassword=? 
2022-03-30 14:58:22org.apache.ibatis.logging.jdbc.BaseJdbcLogger.debug(BaseJdbcLogger.java:143) BaseJdbcLogger.java DEBUG [com.mrli.dao.user.userMapper.getUser] ==> Parameters: kevin(String), root123(String)
2022-03-30 14:58:22org.apache.ibatis.logging.jdbc.BaseJdbcLogger.debug(BaseJdbcLogger.java:143) BaseJdbcLogger.java DEBUG [com.mrli.dao.user.userMapper.getUser] <==      Total: 1
2022-03-30 14:58:22org.apache.ibatis.transaction.jdbc.JdbcTransaction.resetAutoCommit(JdbcTransaction.java:122) JdbcTransaction.java DEBUG [org.apache.ibatis.transaction.jdbc.JdbcTransaction] Resetting autocommit to true on JDBC Connection [com.mysql.cj.jdbc.ConnectionImpl@67a20f67]
2022-03-30 14:58:22org.apache.ibatis.transaction.jdbc.JdbcTransaction.close(JdbcTransaction.java:90) JdbcTransaction.java DEBUG [org.apache.ibatis.transaction.jdbc.JdbcTransaction] Closing JDBC Connection [com.mysql.cj.jdbc.ConnectionImpl@67a20f67]
2022-03-30 14:58:22org.apache.ibatis.datasource.pooled.PooledDataSource.pushConnection(PooledDataSource.java:381) PooledDataSource.java DEBUG [org.apache.ibatis.datasource.pooled.PooledDataSource] Returned connection 1738674023 to pool.
2022-03-30 14:58:55org.apache.ibatis.logging.LogFactory.setImplementation(LogFactory.java:105) LogFactory.java DEBUG [org.apache.ibatis.logging.LogFactory] Logging initialized using 'class org.apache.ibatis.logging.log4j.Log4jImpl' adapter.
2022-03-30 14:58:55org.apache.ibatis.logging.LogFactory.setImplementation(LogFactory.java:105) LogFactory.java DEBUG [org.apache.ibatis.logging.LogFactory] Logging initialized using 'class org.apache.ibatis.logging.log4j.Log4jImpl' adapter.
2022-03-30 14:58:55org.apache.ibatis.datasource.pooled.PooledDataSource.forceCloseAll(PooledDataSource.java:353) PooledDataSource.java DEBUG [org.apache.ibatis.datasource.pooled.PooledDataSource] PooledDataSource forcefully closed/removed all connections.
2022-03-30 14:58:55org.apache.ibatis.datasource.pooled.PooledDataSource.forceCloseAll(PooledDataSource.java:353) PooledDataSource.java DEBUG [org.apache.ibatis.datasource.pooled.PooledDataSource] PooledDataSource forcefully closed/removed all connections.
2022-03-30 14:58:55org.apache.ibatis.datasource.pooled.PooledDataSource.forceCloseAll(PooledDataSource.java:353) PooledDataSource.java DEBUG [org.apache.ibatis.datasource.pooled.PooledDataSource] PooledDataSource forcefully closed/removed all connections.
2022-03-30 14:58:55org.apache.ibatis.datasource.pooled.PooledDataSource.forceCloseAll(PooledDataSource.java:353) PooledDataSource.java DEBUG [org.apache.ibatis.datasource.pooled.PooledDataSource] PooledDataSource forcefully closed/removed all connections.
2022-03-30 14:58:55org.apache.ibatis.cache.decorators.LoggingCache.getObject(LoggingCache.java:60) LoggingCache.java DEBUG [com.mrli.dao.user.userMapper] Cache Hit Ratio [com.mrli.dao.user.userMapper]: 0.0
2022-03-30 14:58:55org.apache.ibatis.transaction.jdbc.JdbcTransaction.openConnection(JdbcTransaction.java:136) JdbcTransaction.java DEBUG [org.apache.ibatis.transaction.jdbc.JdbcTransaction] Opening JDBC Connection
2022-03-30 14:58:55org.apache.ibatis.datasource.pooled.PooledDataSource.popConnection(PooledDataSource.java:424) PooledDataSource.java DEBUG [org.apache.ibatis.datasource.pooled.PooledDataSource] Created connection 1738674023.
2022-03-30 14:58:55org.apache.ibatis.transaction.jdbc.JdbcTransaction.setDesiredAutoCommit(JdbcTransaction.java:100) JdbcTransaction.java DEBUG [org.apache.ibatis.transaction.jdbc.JdbcTransaction] Setting autocommit to false on JDBC Connection [com.mysql.cj.jdbc.ConnectionImpl@67a20f67]
2022-03-30 14:58:55org.apache.ibatis.logging.jdbc.BaseJdbcLogger.debug(BaseJdbcLogger.java:143) BaseJdbcLogger.java DEBUG [com.mrli.dao.user.userMapper.getUser] ==>  Preparing: select * from user where userName=? and userPassword=? 
2022-03-30 14:58:55org.apache.ibatis.logging.jdbc.BaseJdbcLogger.debug(BaseJdbcLogger.java:143) BaseJdbcLogger.java DEBUG [com.mrli.dao.user.userMapper.getUser] ==> Parameters: kevin(String), root123(String)
2022-03-30 14:58:55org.apache.ibatis.logging.jdbc.BaseJdbcLogger.debug(BaseJdbcLogger.java:143) BaseJdbcLogger.java DEBUG [com.mrli.dao.user.userMapper.getUser] <==      Total: 1
2022-03-30 14:58:55org.apache.ibatis.transaction.jdbc.JdbcTransaction.resetAutoCommit(JdbcTransaction.java:122) JdbcTransaction.java DEBUG [org.apache.ibatis.transaction.jdbc.JdbcTransaction] Resetting autocommit to true on JDBC Connection [com.mysql.cj.jdbc.ConnectionImpl@67a20f67]
2022-03-30 14:58:55org.apache.ibatis.transaction.jdbc.JdbcTransaction.close(JdbcTransaction.java:90) JdbcTransaction.java DEBUG [org.apache.ibatis.transaction.jdbc.JdbcTransaction] Closing JDBC Connection [com.mysql.cj.jdbc.ConnectionImpl@67a20f67]
2022-03-30 14:58:55org.apache.ibatis.datasource.pooled.PooledDataSource.pushConnection(PooledDataSource.java:381) PooledDataSource.java DEBUG [org.apache.ibatis.datasource.pooled.PooledDataSource] Returned connection 1738674023 to pool.
2022-03-30 14:59:06org.apache.ibatis.logging.LogFactory.setImplementation(LogFactory.java:105) LogFactory.java DEBUG [org.apache.ibatis.logging.LogFactory] Logging initialized using 'class org.apache.ibatis.logging.log4j.Log4jImpl' adapter.
2022-03-30 14:59:06org.apache.ibatis.logging.LogFactory.setImplementation(LogFactory.java:105) LogFactory.java DEBUG [org.apache.ibatis.logging.LogFactory] Logging initialized using 'class org.apache.ibatis.logging.log4j.Log4jImpl' adapter.
2022-03-30 14:59:06org.apache.ibatis.datasource.pooled.PooledDataSource.forceCloseAll(PooledDataSource.java:353) PooledDataSource.java DEBUG [org.apache.ibatis.datasource.pooled.PooledDataSource] PooledDataSource forcefully closed/removed all connections.
2022-03-30 14:59:06org.apache.ibatis.datasource.pooled.PooledDataSource.forceCloseAll(PooledDataSource.java:353) PooledDataSource.java DEBUG [org.apache.ibatis.datasource.pooled.PooledDataSource] PooledDataSource forcefully closed/removed all connections.
2022-03-30 14:59:06org.apache.ibatis.datasource.pooled.PooledDataSource.forceCloseAll(PooledDataSource.java:353) PooledDataSource.java DEBUG [org.apache.ibatis.datasource.pooled.PooledDataSource] PooledDataSource forcefully closed/removed all connections.
2022-03-30 14:59:06org.apache.ibatis.datasource.pooled.PooledDataSource.forceCloseAll(PooledDataSource.java:353) PooledDataSource.java DEBUG [org.apache.ibatis.datasource.pooled.PooledDataSource] PooledDataSource forcefully closed/removed all connections.
2022-03-30 14:59:07org.apache.ibatis.cache.decorators.LoggingCache.getObject(LoggingCache.java:60) LoggingCache.java DEBUG [com.mrli.dao.user.userMapper] Cache Hit Ratio [com.mrli.dao.user.userMapper]: 0.0
2022-03-30 14:59:07org.apache.ibatis.transaction.jdbc.JdbcTransaction.openConnection(JdbcTransaction.java:136) JdbcTransaction.java DEBUG [org.apache.ibatis.transaction.jdbc.JdbcTransaction] Opening JDBC Connection
2022-03-30 14:59:07org.apache.ibatis.datasource.pooled.PooledDataSource.popConnection(PooledDataSource.java:424) PooledDataSource.java DEBUG [org.apache.ibatis.datasource.pooled.PooledDataSource] Created connection 1738674023.
2022-03-30 14:59:07org.apache.ibatis.transaction.jdbc.JdbcTransaction.setDesiredAutoCommit(JdbcTransaction.java:100) JdbcTransaction.java DEBUG [org.apache.ibatis.transaction.jdbc.JdbcTransaction] Setting autocommit to false on JDBC Connection [com.mysql.cj.jdbc.ConnectionImpl@67a20f67]
2022-03-30 14:59:07org.apache.ibatis.logging.jdbc.BaseJdbcLogger.debug(BaseJdbcLogger.java:143) BaseJdbcLogger.java DEBUG [com.mrli.dao.user.userMapper.getUser] ==>  Preparing: select * from user where userName=? and userPassword=? 
2022-03-30 14:59:07org.apache.ibatis.logging.jdbc.BaseJdbcLogger.debug(BaseJdbcLogger.java:143) BaseJdbcLogger.java DEBUG [com.mrli.dao.user.userMapper.getUser] ==> Parameters: kein(String), root123(String)
2022-03-30 14:59:07org.apache.ibatis.logging.jdbc.BaseJdbcLogger.debug(BaseJdbcLogger.java:143) BaseJdbcLogger.java DEBUG [com.mrli.dao.user.userMapper.getUser] <==      Total: 0
2022-03-30 14:59:07org.apache.ibatis.transaction.jdbc.JdbcTransaction.resetAutoCommit(JdbcTransaction.java:122) JdbcTransaction.java DEBUG [org.apache.ibatis.transaction.jdbc.JdbcTransaction] Resetting autocommit to true on JDBC Connection [com.mysql.cj.jdbc.ConnectionImpl@67a20f67]
2022-03-30 14:59:07org.apache.ibatis.transaction.jdbc.JdbcTransaction.close(JdbcTransaction.java:90) JdbcTransaction.java DEBUG [org.apache.ibatis.transaction.jdbc.JdbcTransaction] Closing JDBC Connection [com.mysql.cj.jdbc.ConnectionImpl@67a20f67]
2022-03-30 14:59:07org.apache.ibatis.datasource.pooled.PooledDataSource.pushConnection(PooledDataSource.java:381) PooledDataSource.java DEBUG [org.apache.ibatis.datasource.pooled.PooledDataSource] Returned connection 1738674023 to pool.
2022-03-30 15:00:25org.apache.ibatis.logging.LogFactory.setImplementation(LogFactory.java:105) LogFactory.java DEBUG [org.apache.ibatis.logging.LogFactory] Logging initialized using 'class org.apache.ibatis.logging.log4j.Log4jImpl' adapter.
2022-03-30 15:00:25org.apache.ibatis.logging.LogFactory.setImplementation(LogFactory.java:105) LogFactory.java DEBUG [org.apache.ibatis.logging.LogFactory] Logging initialized using 'class org.apache.ibatis.logging.log4j.Log4jImpl' adapter.
2022-03-30 15:00:25org.apache.ibatis.datasource.pooled.PooledDataSource.forceCloseAll(PooledDataSource.java:353) PooledDataSource.java DEBUG [org.apache.ibatis.datasource.pooled.PooledDataSource] PooledDataSource forcefully closed/removed all connections.
2022-03-30 15:00:25org.apache.ibatis.datasource.pooled.PooledDataSource.forceCloseAll(PooledDataSource.java:353) PooledDataSource.java DEBUG [org.apache.ibatis.datasource.pooled.PooledDataSource] PooledDataSource forcefully closed/removed all connections.
2022-03-30 15:00:25org.apache.ibatis.datasource.pooled.PooledDataSource.forceCloseAll(PooledDataSource.java:353) PooledDataSource.java DEBUG [org.apache.ibatis.datasource.pooled.PooledDataSource] PooledDataSource forcefully closed/removed all connections.
2022-03-30 15:00:25org.apache.ibatis.datasource.pooled.PooledDataSource.forceCloseAll(PooledDataSource.java:353) PooledDataSource.java DEBUG [org.apache.ibatis.datasource.pooled.PooledDataSource] PooledDataSource forcefully closed/removed all connections.
2022-03-30 15:00:26org.apache.ibatis.cache.decorators.LoggingCache.getObject(LoggingCache.java:60) LoggingCache.java DEBUG [com.mrli.dao.user.userMapper] Cache Hit Ratio [com.mrli.dao.user.userMapper]: 0.0
2022-03-30 15:00:26org.apache.ibatis.transaction.jdbc.JdbcTransaction.openConnection(JdbcTransaction.java:136) JdbcTransaction.java DEBUG [org.apache.ibatis.transaction.jdbc.JdbcTransaction] Opening JDBC Connection
2022-03-30 15:00:26org.apache.ibatis.datasource.pooled.PooledDataSource.popConnection(PooledDataSource.java:424) PooledDataSource.java DEBUG [org.apache.ibatis.datasource.pooled.PooledDataSource] Created connection 1738674023.
2022-03-30 15:00:26org.apache.ibatis.transaction.jdbc.JdbcTransaction.setDesiredAutoCommit(JdbcTransaction.java:100) JdbcTransaction.java DEBUG [org.apache.ibatis.transaction.jdbc.JdbcTransaction] Setting autocommit to false on JDBC Connection [com.mysql.cj.jdbc.ConnectionImpl@67a20f67]
2022-03-30 15:00:26org.apache.ibatis.logging.jdbc.BaseJdbcLogger.debug(BaseJdbcLogger.java:143) BaseJdbcLogger.java DEBUG [com.mrli.dao.user.userMapper.getUser] ==>  Preparing: select * from user where userName=? and userPassword=? 
2022-03-30 15:00:26org.apache.ibatis.logging.jdbc.BaseJdbcLogger.debug(BaseJdbcLogger.java:143) BaseJdbcLogger.java DEBUG [com.mrli.dao.user.userMapper.getUser] ==> Parameters: kevin(String), root123(String)
2022-03-30 15:00:26org.apache.ibatis.logging.jdbc.BaseJdbcLogger.debug(BaseJdbcLogger.java:143) BaseJdbcLogger.java DEBUG [com.mrli.dao.user.userMapper.getUser] <==      Total: 1
2022-03-30 15:00:26org.apache.ibatis.transaction.jdbc.JdbcTransaction.resetAutoCommit(JdbcTransaction.java:122) JdbcTransaction.java DEBUG [org.apache.ibatis.transaction.jdbc.JdbcTransaction] Resetting autocommit to true on JDBC Connection [com.mysql.cj.jdbc.ConnectionImpl@67a20f67]
2022-03-30 15:00:26org.apache.ibatis.transaction.jdbc.JdbcTransaction.close(JdbcTransaction.java:90) JdbcTransaction.java DEBUG [org.apache.ibatis.transaction.jdbc.JdbcTransaction] Closing JDBC Connection [com.mysql.cj.jdbc.ConnectionImpl@67a20f67]
2022-03-30 15:00:26org.apache.ibatis.datasource.pooled.PooledDataSource.pushConnection(PooledDataSource.java:381) PooledDataSource.java DEBUG [org.apache.ibatis.datasource.pooled.PooledDataSource] Returned connection 1738674023 to pool.
2022-03-30 15:07:56org.apache.ibatis.logging.LogFactory.setImplementation(LogFactory.java:105) LogFactory.java DEBUG [org.apache.ibatis.logging.LogFactory] Logging initialized using 'class org.apache.ibatis.logging.log4j.Log4jImpl' adapter.
2022-03-30 15:07:56org.apache.ibatis.logging.LogFactory.setImplementation(LogFactory.java:105) LogFactory.java DEBUG [org.apache.ibatis.logging.LogFactory] Logging initialized using 'class org.apache.ibatis.logging.log4j.Log4jImpl' adapter.
2022-03-30 15:07:56org.apache.ibatis.datasource.pooled.PooledDataSource.forceCloseAll(PooledDataSource.java:353) PooledDataSource.java DEBUG [org.apache.ibatis.datasource.pooled.PooledDataSource] PooledDataSource forcefully closed/removed all connections.
2022-03-30 15:07:56org.apache.ibatis.datasource.pooled.PooledDataSource.forceCloseAll(PooledDataSource.java:353) PooledDataSource.java DEBUG [org.apache.ibatis.datasource.pooled.PooledDataSource] PooledDataSource forcefully closed/removed all connections.
2022-03-30 15:07:56org.apache.ibatis.datasource.pooled.PooledDataSource.forceCloseAll(PooledDataSource.java:353) PooledDataSource.java DEBUG [org.apache.ibatis.datasource.pooled.PooledDataSource] PooledDataSource forcefully closed/removed all connections.
2022-03-30 15:07:56org.apache.ibatis.datasource.pooled.PooledDataSource.forceCloseAll(PooledDataSource.java:353) PooledDataSource.java DEBUG [org.apache.ibatis.datasource.pooled.PooledDataSource] PooledDataSource forcefully closed/removed all connections.
2022-03-30 15:07:56org.apache.ibatis.cache.decorators.LoggingCache.getObject(LoggingCache.java:60) LoggingCache.java DEBUG [com.mrli.dao.user.userMapper] Cache Hit Ratio [com.mrli.dao.user.userMapper]: 0.0
2022-03-30 15:07:56org.apache.ibatis.transaction.jdbc.JdbcTransaction.openConnection(JdbcTransaction.java:136) JdbcTransaction.java DEBUG [org.apache.ibatis.transaction.jdbc.JdbcTransaction] Opening JDBC Connection
2022-03-30 15:07:56org.apache.ibatis.datasource.pooled.PooledDataSource.popConnection(PooledDataSource.java:424) PooledDataSource.java DEBUG [org.apache.ibatis.datasource.pooled.PooledDataSource] Created connection 1738674023.
2022-03-30 15:07:56org.apache.ibatis.transaction.jdbc.JdbcTransaction.setDesiredAutoCommit(JdbcTransaction.java:100) JdbcTransaction.java DEBUG [org.apache.ibatis.transaction.jdbc.JdbcTransaction] Setting autocommit to false on JDBC Connection [com.mysql.cj.jdbc.ConnectionImpl@67a20f67]
2022-03-30 15:07:56org.apache.ibatis.logging.jdbc.BaseJdbcLogger.debug(BaseJdbcLogger.java:143) BaseJdbcLogger.java DEBUG [com.mrli.dao.user.userMapper.getUser] ==>  Preparing: select * from user where userName=? and userPassword=? 
2022-03-30 15:07:56org.apache.ibatis.logging.jdbc.BaseJdbcLogger.debug(BaseJdbcLogger.java:143) BaseJdbcLogger.java DEBUG [com.mrli.dao.user.userMapper.getUser] ==> Parameters: kevin(String), root123(String)
2022-03-30 15:07:56org.apache.ibatis.logging.jdbc.BaseJdbcLogger.debug(BaseJdbcLogger.java:143) BaseJdbcLogger.java DEBUG [com.mrli.dao.user.userMapper.getUser] <==      Total: 1
2022-03-30 15:07:56org.apache.ibatis.transaction.jdbc.JdbcTransaction.resetAutoCommit(JdbcTransaction.java:122) JdbcTransaction.java DEBUG [org.apache.ibatis.transaction.jdbc.JdbcTransaction] Resetting autocommit to true on JDBC Connection [com.mysql.cj.jdbc.ConnectionImpl@67a20f67]
2022-03-30 15:07:56org.apache.ibatis.transaction.jdbc.JdbcTransaction.close(JdbcTransaction.java:90) JdbcTransaction.java DEBUG [org.apache.ibatis.transaction.jdbc.JdbcTransaction] Closing JDBC Connection [com.mysql.cj.jdbc.ConnectionImpl@67a20f67]
2022-03-30 15:07:56org.apache.ibatis.datasource.pooled.PooledDataSource.pushConnection(PooledDataSource.java:381) PooledDataSource.java DEBUG [org.apache.ibatis.datasource.pooled.PooledDataSource] Returned connection 1738674023 to pool.
2022-03-30 15:20:44org.apache.ibatis.logging.LogFactory.setImplementation(LogFactory.java:105) LogFactory.java DEBUG [org.apache.ibatis.logging.LogFactory] Logging initialized using 'class org.apache.ibatis.logging.log4j.Log4jImpl' adapter.
2022-03-30 15:20:44org.apache.ibatis.logging.LogFactory.setImplementation(LogFactory.java:105) LogFactory.java DEBUG [org.apache.ibatis.logging.LogFactory] Logging initialized using 'class org.apache.ibatis.logging.log4j.Log4jImpl' adapter.
2022-03-30 15:20:44org.apache.ibatis.datasource.pooled.PooledDataSource.forceCloseAll(PooledDataSource.java:353) PooledDataSource.java DEBUG [org.apache.ibatis.datasource.pooled.PooledDataSource] PooledDataSource forcefully closed/removed all connections.
2022-03-30 15:20:44org.apache.ibatis.datasource.pooled.PooledDataSource.forceCloseAll(PooledDataSource.java:353) PooledDataSource.java DEBUG [org.apache.ibatis.datasource.pooled.PooledDataSource] PooledDataSource forcefully closed/removed all connections.
2022-03-30 15:20:44org.apache.ibatis.datasource.pooled.PooledDataSource.forceCloseAll(PooledDataSource.java:353) PooledDataSource.java DEBUG [org.apache.ibatis.datasource.pooled.PooledDataSource] PooledDataSource forcefully closed/removed all connections.
2022-03-30 15:20:44org.apache.ibatis.datasource.pooled.PooledDataSource.forceCloseAll(PooledDataSource.java:353) PooledDataSource.java DEBUG [org.apache.ibatis.datasource.pooled.PooledDataSource] PooledDataSource forcefully closed/removed all connections.
2022-03-30 15:20:44org.apache.ibatis.cache.decorators.LoggingCache.getObject(LoggingCache.java:60) LoggingCache.java DEBUG [com.mrli.dao.user.userMapper] Cache Hit Ratio [com.mrli.dao.user.userMapper]: 0.0
2022-03-30 15:20:44org.apache.ibatis.transaction.jdbc.JdbcTransaction.openConnection(JdbcTransaction.java:136) JdbcTransaction.java DEBUG [org.apache.ibatis.transaction.jdbc.JdbcTransaction] Opening JDBC Connection
2022-03-30 15:20:44org.apache.ibatis.datasource.pooled.PooledDataSource.popConnection(PooledDataSource.java:424) PooledDataSource.java DEBUG [org.apache.ibatis.datasource.pooled.PooledDataSource] Created connection 1738674023.
2022-03-30 15:20:44org.apache.ibatis.transaction.jdbc.JdbcTransaction.setDesiredAutoCommit(JdbcTransaction.java:100) JdbcTransaction.java DEBUG [org.apache.ibatis.transaction.jdbc.JdbcTransaction] Setting autocommit to false on JDBC Connection [com.mysql.cj.jdbc.ConnectionImpl@67a20f67]
2022-03-30 15:20:44org.apache.ibatis.logging.jdbc.BaseJdbcLogger.debug(BaseJdbcLogger.java:143) BaseJdbcLogger.java DEBUG [com.mrli.dao.user.userMapper.getUser] ==>  Preparing: select * from user where userName=? and userPassword=? 
2022-03-30 15:20:44org.apache.ibatis.logging.jdbc.BaseJdbcLogger.debug(BaseJdbcLogger.java:143) BaseJdbcLogger.java DEBUG [com.mrli.dao.user.userMapper.getUser] ==> Parameters: kevin(String), root123(String)
2022-03-30 15:20:44org.apache.ibatis.logging.jdbc.BaseJdbcLogger.debug(BaseJdbcLogger.java:143) BaseJdbcLogger.java DEBUG [com.mrli.dao.user.userMapper.getUser] <==      Total: 1
2022-03-30 15:20:44org.apache.ibatis.transaction.jdbc.JdbcTransaction.resetAutoCommit(JdbcTransaction.java:122) JdbcTransaction.java DEBUG [org.apache.ibatis.transaction.jdbc.JdbcTransaction] Resetting autocommit to true on JDBC Connection [com.mysql.cj.jdbc.ConnectionImpl@67a20f67]
2022-03-30 15:20:44org.apache.ibatis.transaction.jdbc.JdbcTransaction.close(JdbcTransaction.java:90) JdbcTransaction.java DEBUG [org.apache.ibatis.transaction.jdbc.JdbcTransaction] Closing JDBC Connection [com.mysql.cj.jdbc.ConnectionImpl@67a20f67]
2022-03-30 15:20:44org.apache.ibatis.datasource.pooled.PooledDataSource.pushConnection(PooledDataSource.java:381) PooledDataSource.java DEBUG [org.apache.ibatis.datasource.pooled.PooledDataSource] Returned connection 1738674023 to pool.
2022-03-30 15:20:52org.apache.ibatis.logging.LogFactory.setImplementation(LogFactory.java:105) LogFactory.java DEBUG [org.apache.ibatis.logging.LogFactory] Logging initialized using 'class org.apache.ibatis.logging.log4j.Log4jImpl' adapter.
2022-03-30 15:20:52org.apache.ibatis.logging.LogFactory.setImplementation(LogFactory.java:105) LogFactory.java DEBUG [org.apache.ibatis.logging.LogFactory] Logging initialized using 'class org.apache.ibatis.logging.log4j.Log4jImpl' adapter.
2022-03-30 15:20:52org.apache.ibatis.datasource.pooled.PooledDataSource.forceCloseAll(PooledDataSource.java:353) PooledDataSource.java DEBUG [org.apache.ibatis.datasource.pooled.PooledDataSource] PooledDataSource forcefully closed/removed all connections.
2022-03-30 15:20:52org.apache.ibatis.datasource.pooled.PooledDataSource.forceCloseAll(PooledDataSource.java:353) PooledDataSource.java DEBUG [org.apache.ibatis.datasource.pooled.PooledDataSource] PooledDataSource forcefully closed/removed all connections.
2022-03-30 15:20:52org.apache.ibatis.datasource.pooled.PooledDataSource.forceCloseAll(PooledDataSource.java:353) PooledDataSource.java DEBUG [org.apache.ibatis.datasource.pooled.PooledDataSource] PooledDataSource forcefully closed/removed all connections.
2022-03-30 15:20:52org.apache.ibatis.datasource.pooled.PooledDataSource.forceCloseAll(PooledDataSource.java:353) PooledDataSource.java DEBUG [org.apache.ibatis.datasource.pooled.PooledDataSource] PooledDataSource forcefully closed/removed all connections.
2022-03-30 15:20:52org.apache.ibatis.cache.decorators.LoggingCache.getObject(LoggingCache.java:60) LoggingCache.java DEBUG [com.mrli.dao.user.userMapper] Cache Hit Ratio [com.mrli.dao.user.userMapper]: 0.0
2022-03-30 15:20:52org.apache.ibatis.transaction.jdbc.JdbcTransaction.openConnection(JdbcTransaction.java:136) JdbcTransaction.java DEBUG [org.apache.ibatis.transaction.jdbc.JdbcTransaction] Opening JDBC Connection
2022-03-30 15:20:52org.apache.ibatis.datasource.pooled.PooledDataSource.popConnection(PooledDataSource.java:424) PooledDataSource.java DEBUG [org.apache.ibatis.datasource.pooled.PooledDataSource] Created connection 1738674023.
2022-03-30 15:20:52org.apache.ibatis.transaction.jdbc.JdbcTransaction.setDesiredAutoCommit(JdbcTransaction.java:100) JdbcTransaction.java DEBUG [org.apache.ibatis.transaction.jdbc.JdbcTransaction] Setting autocommit to false on JDBC Connection [com.mysql.cj.jdbc.ConnectionImpl@67a20f67]
2022-03-30 15:20:52org.apache.ibatis.logging.jdbc.BaseJdbcLogger.debug(BaseJdbcLogger.java:143) BaseJdbcLogger.java DEBUG [com.mrli.dao.user.userMapper.getUser] ==>  Preparing: select * from user where userName=? and userPassword=? 
2022-03-30 15:20:52org.apache.ibatis.logging.jdbc.BaseJdbcLogger.debug(BaseJdbcLogger.java:143) BaseJdbcLogger.java DEBUG [com.mrli.dao.user.userMapper.getUser] ==> Parameters: kevin(String), root123(String)
2022-03-30 15:20:52org.apache.ibatis.logging.jdbc.BaseJdbcLogger.debug(BaseJdbcLogger.java:143) BaseJdbcLogger.java DEBUG [com.mrli.dao.user.userMapper.getUser] <==      Total: 1
2022-03-30 15:20:52org.apache.ibatis.transaction.jdbc.JdbcTransaction.resetAutoCommit(JdbcTransaction.java:122) JdbcTransaction.java DEBUG [org.apache.ibatis.transaction.jdbc.JdbcTransaction] Resetting autocommit to true on JDBC Connection [com.mysql.cj.jdbc.ConnectionImpl@67a20f67]
2022-03-30 15:20:52org.apache.ibatis.transaction.jdbc.JdbcTransaction.close(JdbcTransaction.java:90) JdbcTransaction.java DEBUG [org.apache.ibatis.transaction.jdbc.JdbcTransaction] Closing JDBC Connection [com.mysql.cj.jdbc.ConnectionImpl@67a20f67]
2022-03-30 15:20:52org.apache.ibatis.datasource.pooled.PooledDataSource.pushConnection(PooledDataSource.java:381) PooledDataSource.java DEBUG [org.apache.ibatis.datasource.pooled.PooledDataSource] Returned connection 1738674023 to pool.
